# JRE version: Java(TM) SE Runtime Environment (19.0.1+10) (build 19.0.1+10-21)
# Java VM: Java HotSpot(TM) 64-Bit Server VM (19.0.1+10-21, mixed mode, sharing, tiered, compressed oops, compressed class ptrs, g1 gc, windows-amd64)
GC Precious Log:
 CardTable entry size: 512
 Card Set container configuration: InlinePtr #cards 5 size 8 Array Of Cards #cards 12 size 40 Howl #buckets 4 coarsen threshold 1843 Howl Bitmap #cards 512 size 80 coarsen threshold 460 Card regions per heap region 1 cards per card region 2048
 CPUs: 12 total, 12 available
 Memory: 7502M
 Large Page Support: Disabled
 NUMA Support: Disabled
 Compressed Oops: Enabled (32-bit)
 Heap Region Size: 1M
 Heap Min Capacity: 8M
 Heap Initial Capacity: 118M
 Heap Max Capacity: 2G
 Pre-touch: Disabled
 Parallel Workers: 10
 Concurrent Workers: 3
 Concurrent Refinement Workers: 10
 Periodic GC: Disabled
Heap:
 garbage-first heap   total 132096K, used 105163K [0x0000000080000000, 0x0000000100000000)
  region size 1024K, 29 young (29696K), 4 survivors (4096K)
 Metaspace       used 77585K, committed 79488K, reserved 552960K
  class space    used 10454K, committed 11456K, reserved 421888K
GC Heap History (20 events):
Event: 10.904 GC heap before
{Heap before GC invocations=12 (full 0):
 garbage-first heap   total 132096K, used 96973K [0x0000000080000000, 0x0000000100000000)
  region size 1024K, 63 young (64512K), 1 survivors (1024K)
 Metaspace       used 45161K, committed 46720K, reserved 487424K
  class space    used 6250K, committed 7040K, reserved 421888K
}
Event: 10.908 GC heap after
{Heap after GC invocations=13 (full 0):
 garbage-first heap   total 132096K, used 38425K [0x0000000080000000, 0x0000000100000000)
  region size 1024K, 5 young (5120K), 5 survivors (5120K)
 Metaspace       used 45161K, committed 46720K, reserved 487424K
  class space    used 6250K, committed 7040K, reserved 421888K
}
Event: 11.990 GC heap before
{Heap before GC invocations=13 (full 0):
 garbage-first heap   total 132096K, used 106009K [0x0000000080000000, 0x0000000100000000)
  region size 1024K, 65 young (66560K), 5 survivors (5120K)
 Metaspace       used 53033K, committed 54784K, reserved 487424K
  class space    used 7340K, committed 8256K, reserved 421888K
}
Event: 11.996 GC heap after
{Heap after GC invocations=14 (full 0):
 garbage-first heap   total 132096K, used 49993K [0x0000000080000000, 0x0000000100000000)
  region size 1024K, 9 young (9216K), 9 survivors (9216K)
 Metaspace       used 53033K, committed 54784K, reserved 487424K
  class space    used 7340K, committed 8256K, reserved 421888K
}
Event: 12.672 GC heap before
{Heap before GC invocations=14 (full 0):
 garbage-first heap   total 132096K, used 97097K [0x0000000080000000, 0x0000000100000000)
  region size 1024K, 57 young (58368K), 9 survivors (9216K)
 Metaspace       used 58402K, committed 60096K, reserved 487424K
  class space    used 8010K, committed 8896K, reserved 421888K
}
Event: 12.679 GC heap after
{Heap after GC invocations=15 (full 0):
 garbage-first heap   total 132096K, used 54805K [0x0000000080000000, 0x0000000100000000)
  region size 1024K, 5 young (5120K), 5 survivors (5120K)
 Metaspace       used 58402K, committed 60096K, reserved 487424K
  class space    used 8010K, committed 8896K, reserved 421888K
}
Event: 13.567 GC heap before
{Heap before GC invocations=16 (full 0):
 garbage-first heap   total 132096K, used 104981K [0x0000000080000000, 0x0000000100000000)
  region size 1024K, 54 young (55296K), 5 survivors (5120K)
 Metaspace       used 62265K, committed 64000K, reserved 487424K
  class space    used 8572K, committed 9472K, reserved 421888K
}
Event: 13.572 GC heap after
{Heap after GC invocations=17 (full 0):
 garbage-first heap   total 132096K, used 58699K [0x0000000080000000, 0x0000000100000000)
  region size 1024K, 5 young (5120K), 5 survivors (5120K)
 Metaspace       used 62265K, committed 64000K, reserved 487424K
  class space    used 8572K, committed 9472K, reserved 421888K
}
Event: 13.587 GC heap before
{Heap before GC invocations=17 (full 0):
 garbage-first heap   total 132096K, used 59723K [0x0000000080000000, 0x0000000100000000)
  region size 1024K, 6 young (6144K), 5 survivors (5120K)
 Metaspace       used 62401K, committed 64192K, reserved 487424K
  class space    used 8595K, committed 9536K, reserved 421888K
}
Event: 13.591 GC heap after
{Heap after GC invocations=18 (full 0):
 garbage-first heap   total 132096K, used 59194K [0x0000000080000000, 0x0000000100000000)
  region size 1024K, 1 young (1024K), 1 survivors (1024K)
 Metaspace       used 62401K, committed 64192K, reserved 487424K
  class space    used 8595K, committed 9536K, reserved 421888K
}
Event: 14.397 GC heap before
{Heap before GC invocations=18 (full 0):
 garbage-first heap   total 132096K, used 105274K [0x0000000080000000, 0x0000000100000000)
  region size 1024K, 47 young (48128K), 1 survivors (1024K)
 Metaspace       used 66267K, committed 68096K, reserved 487424K
  class space    used 9131K, committed 10048K, reserved 421888K
}
Event: 14.402 GC heap after
{Heap after GC invocations=19 (full 0):
 garbage-first heap   total 132096K, used 63601K [0x0000000080000000, 0x0000000100000000)
  region size 1024K, 6 young (6144K), 6 survivors (6144K)
 Metaspace       used 66267K, committed 68096K, reserved 487424K
  class space    used 9131K, committed 10048K, reserved 421888K
}
Event: 15.188 GC heap before
{Heap before GC invocations=19 (full 0):
 garbage-first heap   total 132096K, used 106609K [0x0000000080000000, 0x0000000100000000)
  region size 1024K, 47 young (48128K), 6 survivors (6144K)
 Metaspace       used 69701K, committed 71552K, reserved 487424K
  class space    used 9491K, committed 10432K, reserved 421888K
}
Event: 15.193 GC heap after
{Heap after GC invocations=20 (full 0):
 garbage-first heap   total 132096K, used 70737K [0x0000000080000000, 0x0000000100000000)
  region size 1024K, 6 young (6144K), 6 survivors (6144K)
 Metaspace       used 69701K, committed 71552K, reserved 487424K
  class space    used 9491K, committed 10432K, reserved 421888K
}
Event: 15.718 GC heap before
{Heap before GC invocations=20 (full 0):
 garbage-first heap   total 132096K, used 111697K [0x0000000080000000, 0x0000000100000000)
  region size 1024K, 40 young (40960K), 6 survivors (6144K)
 Metaspace       used 72878K, committed 74816K, reserved 487424K
  class space    used 9874K, committed 10880K, reserved 421888K
}
Event: 15.723 GC heap after
{Heap after GC invocations=21 (full 0):
 garbage-first heap   total 132096K, used 76340K [0x0000000080000000, 0x0000000100000000)
  region size 1024K, 5 young (5120K), 5 survivors (5120K)
 Metaspace       used 72878K, committed 74816K, reserved 487424K
  class space    used 9874K, committed 10880K, reserved 421888K
}
Event: 16.103 GC heap before
{Heap before GC invocations=21 (full 0):
 garbage-first heap   total 132096K, used 105012K [0x0000000080000000, 0x0000000100000000)
  region size 1024K, 33 young (33792K), 5 survivors (5120K)
 Metaspace       used 75586K, committed 77504K, reserved 552960K
  class space    used 10172K, committed 11136K, reserved 421888K
}
Event: 16.107 GC heap after
{Heap after GC invocations=22 (full 0):
 garbage-first heap   total 132096K, used 79068K [0x0000000080000000, 0x0000000100000000)
  region size 1024K, 3 young (3072K), 3 survivors (3072K)
 Metaspace       used 75586K, committed 77504K, reserved 552960K
  class space    used 10172K, committed 11136K, reserved 421888K
}
Event: 16.424 GC heap before
{Heap before GC invocations=22 (full 0):
 garbage-first heap   total 132096K, used 106716K [0x0000000080000000, 0x0000000100000000)
  region size 1024K, 29 young (29696K), 3 survivors (3072K)
 Metaspace       used 77336K, committed 79232K, reserved 552960K
  class space    used 10429K, committed 11392K, reserved 421888K
}
Event: 16.428 GC heap after
{Heap after GC invocations=23 (full 0):
 garbage-first heap   total 132096K, used 80587K [0x0000000080000000, 0x0000000100000000)
  region size 1024K, 4 young (4096K), 4 survivors (4096K)
 Metaspace       used 77336K, committed 79232K, reserved 552960K
  class space    used 10429K, committed 11392K, reserved 421888K
}

